
> nx run gauzy:serve:local --open=false

- Generating browser application bundles (phase: setup)...
Using custom Webpack config...
[32m✔[39m Browser application bundle generation complete.
[37m[0m[0m[39m
[37m[0m[1mInitial chunk files[22m                                                                                    [2m | [22m[1mNames[22m                                                                [2m | [22m [1mRaw size[22m[0m[39m
[37m[0m[32mmain.js[39m[37m                                                                                                [2m | [22m[2mmain[22m                                                                 [2m | [22m [36m27.33 MB[39m[37m[2m | [22m[0m[39m
[37m[0m[32mvendor.js[39m[37m                                                                                              [2m | [22m[2mvendor[22m                                                               [2m | [22m [36m14.41 MB[39m[37m[2m | [22m[0m[39m
[37m[0m[32mstyles.css, styles.js[39m[37m                                                                                  [2m | [22m[2mstyles[22m                                                               [2m | [22m  [36m3.25 MB[39m[37m[2m | [22m[0m[39m
[37m[0m[32mscripts.js[39m[37m                                                                                             [2m | [22m[2mscripts[22m                                                              [2m | [22m  [36m1.04 MB[39m[37m[2m | [22m[0m[39m
[37m[0m[32mpolyfills.js[39m[37m                                                                                           [2m | [22m[2mpolyfills[22m                                                            [2m | [22m[36m244.33 kB[39m[37m[2m | [22m[0m[39m
[37m[0m[32mruntime.js[39m[37m                                                                                             [2m | [22m[2mruntime[22m                                                              [2m | [22m [36m14.05 kB[39m[37m[2m | [22m[0m[39m
[37m[0m[0m[39m
[37m[0m[1m [22m                                                                                                      [2m | [22m[1mInitial total[22m                                                        [2m [39m[37m| [22m [1m46.29 MB[22m[0m[39m
[37m[0m[0m[39m
[37m[0m[1mLazy chunk files[22m                                                                                       [2m | [22m[1mNames[22m                                                                [2m | [22m [1mRaw size[22m[0m[39m
[37m[0m[32mapps_gauzy_src_app_pages_candidates_candidates_module_ts-packages_ui-core_core_src_lib_servic-aa7ae1.js[39m[37m[2m | [22m[2mcandidates-candidates-module[22m                                         [2m | [22m [36m16.44 MB[39m[37m[2m | [22m[0m[39m
[37m[0m[32mapps_gauzy_src_app_pages_inventory_inventory_module_ts-packages_ui-core_shared_src_lib_image--7c1953.js[39m[37m[2m | [22m[2minventory-inventory-module[22m                                           [2m | [22m [36m13.43 MB[39m[37m[2m | [22m[0m[39m
[37m[0m[32mpackages_constants_src_lib_organization_ts-packages_ui-auth_src_index_ts-packages_ui-core_cor-2de1eb.js[39m[37m[2m | [22m[2mgauzy-ui-auth[22m                                                        [2m | [22m [36m11.33 MB[39m[37m[2m | [22m[0m[39m
[37m[0m[32mapps_gauzy_src_app_pages_employees_employees_module_ts-node_modules_ckeditor4-integrations-co-be31b8.js[39m[37m[2m | [22m[2memployees-employees-module[22m                                           [2m | [22m [36m10.30 MB[39m[37m[2m | [22m[0m[39m
[37m[0m[32mdefault-packages_ui-core_shared_src_lib_candidate_candidate-confirmation_delete-feedback_dele-b7d8e0.js[39m[37m[2m | [22m[2mgauzy-ui-core-shared[22m                                                 [2m | [22m  [36m9.75 MB[39m[37m[2m | [22m[0m[39m
[37m[0m[32mapps_gauzy_src_app_pages_invoices_invoices_module_ts.js[39m[37m                                                [2m | [22m[2minvoices-invoices-module[22m                                             [2m | [22m  [36m9.64 MB[39m[37m[2m | [22m[0m[39m
[37m[0m[32mapps_gauzy_src_app_pages_dashboard_dashboard_module_ts-packages_contracts_src_lib_recurring-e-cd3ba6.js[39m[37m[2m | [22m[2mdashboard-dashboard-module[22m                          [39m[37m                 [2m | [22m  [36m6.38 MB[39m[37m[2m | [22m[0m[39m
[37m[0m[32mapps_gauzy_src_app_pages_goals_goals_module_ts-packages_ui-core_core_src_lib_services_crud_cr-38a431.js[39m[37m[2m | [22m[2mgoals-goals-module[22m                                                   [2m | [22m  [36m5.96 MB[39m[37m[2m | [22m[0m[39m
[37m[0m[32mdefault-packages_ui-core_shared_src_lib_invite_invites_invites_module_ts.js[39m[37m                            [2m | [22m[2mgauzy-ui-core-shared[22m                                                 [2m | [22m  [36m5.49 MB[39m[37m[2m | [22m[0m[39m
[37m[0m[32mapps_gauzy_src_app_pages_organizations_edit-organization_edit-organization_module_ts.js[39m[37m                [2m | [22m[2medit-organization-edit-organization-module[22m                           [2m | [22m  [36m5.00 MB[39m[37m[2m | [22m[0m[39m
[37m[0m[32mapps_gauzy_src_app_pages_settings_settings_module_ts-packages_ui-core_core_src_lib_services_c-c8f23f.js[39m[37m[2m | [22m[2msettings-settings-module[22m                                             [2m | [22m  [36m4.83 MB[39m[37m[2m | [22m[0m[39m
[37m[0m[32mapps_gauzy_src_app_pages_users_users_module_ts.js[39m[37m                                                      [2m | [22m[2musers-users-module[22m                                                   [2m | [22m  [36m4.79 MB[39m[37m[2m | [22m[0m[39m
[37m[0m[32mpackages_contracts_src_lib_payment_model_ts-packages_plugins_job-proposal-ui_src_index_ts-pac-68297b.js[39m[37m[2m | [22m[2mgauzy-plugin-job-proposal-ui[22m                                         [2m | [22m  [36m4.06 MB[39m[37m[2m | [22m[0m[39m
[37m[0m[32mdefault-packages_ui-core_shared_src_lib_dashboard_info-block_info-block_module_ts-packages_ui-5ce58e.js[39m[37m[2m | [22m[2mdashboard-dashboard-module[22m                                           [2m | [22m  [36m4.00 MB[39m[37m[2m | [22m[0m[39m
[37m[0m[32mpackages_plugins_public-layout-ui_src_index_ts-packages_ui-core_core_src_lib_services_crud_cr-09b265.js[39m[37m[2m | [22m[2mgauzy-plugin-publ[39m[37mic-layout-ui[22m                                        [2m | [22m  [36m3.93 MB[39m[37m[2m | [22m[0m[39m
[37m[0m[32mapps_gauzy_src_app_pages_jobs_jobs_module_ts.js[39m[37m                                                        [2m | [22m[2mjobs-jobs-module[22m                                                     [2m | [22m  [36m3.91 MB[39m[37m[2m | [22m[0m[39m
[37m[0m[32mdefault-packages_ui-core_shared_src_lib_sidebar_sidebar_module_ts.js[39m[37m                                   [2m | [22m[2mgauzy-ui-core-shared[22m                                                 [2m | [22m  [36m3.57 MB[39m[37m[2m | [22m[0m[39m
[37m[0m[32mapps_gauzy_src_app_pages_contacts_contacts_module_ts-packages_ui-core_core_src_lib_services_c-e51f0a.js[39m[37m[2m | [22m[2mcontacts-contacts-module[22m                                             [2m | [22m  [36m3.36 MB[39m[37m[2m | [22m[0m[39m
[37m[0m[32mdefault-packages_ui-core_shared_src_lib_image-asset_image-asset_module_ts-packages_ui-core_sh-61eeae.js[39m[37m[2m | [22m[2mgauzy-ui-core-shared[22m                                                 [2m | [22m  [36m3.30 MB[39m[37m[2m | [22m[0m[39m
[37m[0m[32mdefault-packages_contracts_src_lib_request-approval_model_ts-packages_ui-core_shared_src_lib_-5dd1d0.js[39m[37m[2m | [22m[2mgauzy-ui-core-shared[22m                                                 [2m | [22m  [36m3.23 MB[39m[37m[2m | [22m[0m[39m
[37m[0m[32mapps_gauzy_src_app_pages_time-off_time-off_module_ts.js[39m[37m                                                [2m | [22m[2mtime-off-time-off-module[22m                                             [2m | [22m  [36m3.23 MB[39m[37m[2m | [22m[0m[39m
[37m[0m[32mapps_gauzy_src_app_pages_projects_projects_module_ts-packages_contracts_src_lib_task_model_ts-5dc88a.js[39m[37m[2m | [22m[2mprojects-projects-module[22m                                             [2m | [22m  [36m3.20 MB[39m[37m[2m | [22m[0m[39m
[37m[0m[32mdefault-packages_ui-core_shared_src_lib_expenses_recurring-expense-block_recurring-expense-bl-171184.[39m[37mjs[39m[37m[2m | [22m[2mexpense-recurring-expense-recurring-module[22m                           [2m | [22m  [36m3.19 MB[39m[37m[2m | [22m[0m[39m
[37m[0m[32mdefault-packages_ui-core_shared_src_lib_table-components_table-components_module_ts.js[39m[37m                 [2m | [22m[2mgauzy-plugin-public-layout-ui[22m                                        [2m | [22m  [36m3.13 MB[39m[37m[2m | [22m[0m[39m
[37m[0m[32mapps_gauzy_src_app_pages_pipelines_pipelines_module_ts.js[39m[37m                                              [2m | [22m[2mpipelines-pipelines-module[22m                                           [2m | [22m  [36m2.60 MB[39m[37m[2m | [22m[0m[39m
[37m[0m[32mdefault-packages_ui-core_shared_src_lib_project_project-mutation_project-mutation_module_ts.js[39m[37m         [2m | [22m[2mgauzy-ui-core-shared[22m                                                 [2m | [22m  [36m2.58 MB[39m[37m[2m | [22m[0m[39m
[37m[0m[32mapps_gauzy_src_app_pages_expenses_expenses_module_ts-packages_ui-core_core_src_lib_services_c-fc5153.js[39m[37m[2m | [22m[2mexpenses-expenses-module[22m                                             [2m | [22m  [36m2.55 MB[39m[37m[2m | [22m[0m[39m
[37m[0m[32mdefault-packages_ui-core_shared_src_lib_employee_employee-end-work-popup_employee-end-work_mo-f4de50.js[39m[37m[2m | [22m[2mgauzy-ui-core-shared[22m                                                 [2m | [22m  [36m2.54 MB[39m[37m[2m | [22m[0m[39m
[37m[0m[32mdefault-apps_gauzy_src_app_pages_goal-settings_goal-settings_module_ts-packages_ui-core_share-527e3e.js[39m[37m[2m | [22m[2mgoals-goals-module[22m                                                   [2m | [22m  [36m2.52 MB[39m[37m[2m | [22m[0m[39m
[37m[0m[32mdefault-packages_ui-core_shared_src_lib_user_forms_user-forms_module_ts.js[39m[37m                             [2m | [22m[2mincome-income-module[22m                                                 [2m | [22m  [36m2.47 MB[39m[37m[2m | [22m[0m[39m
[37m[0m[32mapps_gauzy_src_app_pages_help-center_help-center_module_ts-pa[39m[37mckages_contracts_src_lib_role_mo-400dd2.js[39m[37m[2m | [22m[2mhelp-center-help-center-module[22m                                       [2m | [22m  [36m2.47 MB[39m[37m[2m | [22m[0m[39m
[37m[0m[32mapps_gauzy_src_app_pages_integrations_integrations_module_ts.js[39m[37m                                        [2m | [22m[2mintegrations-integrations-module[22m                                     [2m | [22m  [36m2.40 MB[39m[37m[2m | [22m[0m[39m
[37m[0m[32mdefault-packages_ui-core_shared_src_lib_select-asset-modal_select-asset_component_ts.js[39m[37m                [2m | [22m[2mgauzy-ui-core-shared[22m                                                 [2m | [22m  [36m2.31 MB[39m[37m[2m | [22m[0m[39m
[37m[0m[32mpackages_plugins_videos-ui_src_index_ts.js[39m[37m                                                             [2m | [22m[2mgauzy-plugin-videos-ui[22m                                               [2m | [22m  [36m2.14 MB[39m[37m[2m | [22m[0m[39m
[37m[0m[32mdefault-packages_plugins_job-proposal-ui_src_lib_proposal-template_job-proposal-template_modu-0f7c16.js[39m[37m[2m | [22m[2mjobs-jobs-module[22m                                                     [2m | [22m  [36m1.81 MB[39m[37m[2m | [22m[0m[39m
[37m[0m[32mapps_gauzy_src_app_pages_departments_departments_module_ts-packages_ui-core_core_src_lib_serv-e9a21d.js[39m[37m[2m | [22m[2mdepartments-departments-module[22m                                       [2m | [22m  [36m1.81 MB[39m[37m[2m | [22m[0m[39m
[37m[0m[32mpackages_plugins_integration-github-ui_src_index_ts.js[39m[37m                                                 [2m | [22m[2mgauzy-plugin-integration-github-ui[22m                                   [2m | [22m  [36m1.81 MB[39m[37m[2m | [22m[0m[39m
[37m[0m[32mapps_gauzy_src_app_pages_tasks_tasks_module_ts-packages_contracts_src_lib_payment_model_ts-pa-1d382c.js[39m[37m[2m | [22m[2mtasks-tasks-module[22m                                                   [2m | [22m  [36m1.80 MB[39m[37m[2m | [22m[0m[39m
[37m[0m[32mapps_gauzy_src_app_pa[39m[37mges_teams_teams_module_ts-packages_ui-core_core_src_lib_services_crud_cr-7bc211.js[39m[37m[2m | [22m[2mteams-teams-module[22m                                                   [2m | [22m  [36m1.76 MB[39m[37m[2m | [22m[0m[39m
[37m[0m[32mdefault-packages_ui-core_shared_src_lib_organizations_organizations-step-form_organizations-s-487d3d.js[39m[37m[2m | [22m[2mgauzy-ui-auth[22m                                                        [2m | [22m  [36m1.76 MB[39m[37m[2m | [22m[0m[39m
[37m[0m[32mdefault-packages_plugins_legal-ui_src_index_ts.js[39m[37m                                                      [2m | [22m[2mgauzy-plugin-legal-ui[22m                                                [2m | [22m  [36m1.75 MB[39m[37m[2m | [22m[0m[39m
[37m[0m[32mdefault-packages_ui-core_shared_src_lib_timesheet_screenshots_screenshots-item_screenshots-it-151e87.js[39m[37m[2m | [22m[2mdashboard-dashboard-module[22m                                           [2m | [22m  [36m1.71 MB[39m[37m[2m | [22m[0m[39m
[37m[0m[32mapps_gauzy_src_app_pages_employees_event-types_event-type_module_ts-packages_ui-core_core_src-c1af6b.js[39m[37m[2m | [22m[2memployees-event-types-event-type-module[22m                              [2m | [22m  [36m1.67 MB[39m[37m[2m | [22m[0m[39m
[37m[0m[32mdefault-packages_ui-core_shared_src_lib_expenses_expenses-mutation_expenses-mutation_module_ts.js[39m[37m      [2m | [22m[2mexpenses-expenses-module[22m                                             [2m | [22m  [36m1.66 MB[39m[37m[2m | [22m[0m[39m
[37m[0m[32mapps_gauzy_src_app_pages_employees_activity_activity_module_ts.js[39m[37m                                      [2m | [22m[2mactivity-activity-module[22m                                             [2m | [22m  [36m1.64 MB[39m[37m[2m | [22m[0m[39m
[37m[0m[32mdefault-packages_ui-core_shared_src_lib_appointments_appointment-calendar_appointment-calenda-845c7a.js[39m[37m[2m | [22m[2mgauzy-plugin-public-layout-ui[22m                                        [2m | [22m  [36m1.63 MB[39m[37m[2m | [39m[37m[22m[0m[39m
[37m[0m[32mdefault-packages_ui-core_shared_src_lib_tasks-sprint-settings-view_tasks-sprint-settings-view-e10a1e.js[39m[37m[2m | [22m[2mgauzy-ui-core-shared[22m                                                 [2m | [22m  [36m1.63 MB[39m[37m[2m | [22m[0m[39m
[37m[0m[32mdefault-packages_ui-core_shared_src_lib_smart-data-layout_smart-data-view-layout_module_ts.js[39m[37m          [2m | [22m[2mdashboard-dashboard-module[22m                                           [2m | [22m  [36m1.61 MB[39m[37m[2m | [22m[0m[39m
[37m[0m[32mapps_gauzy_src_app_pages_expense-recurring_expense-recurring_module_ts.js[39m[37m                              [2m | [22m[2mexpense-recurring-expense-recurring-module[22m                           [2m | [22m  [36m1.61 MB[39m[37m[2m | [22m[0m[39m
[37m[0m[32mdefault-apps_gauzy_src_app_pages_organizations_organizations_module_ts-packages_constants_src-a476ad.js[39m[37m[2m | [22m[2musers-users-module[22m                                                   [2m | [22m  [36m1.57 MB[39m[37m[2m | [22m[0m[39m
[37m[0m[32mdefault-packages_ui-core_shared_src_lib_employee_employee-location_employee-location_module_t-2fa4fb.js[39m[37m[2m | [22m[2mgauzy-ui-core-shared[22m                                                 [2m | [22m  [36m1.53 MB[39m[37m[2m | [22m[0m[39m
[37m[0m[32mdefault-packages_ui-core_shared_src_lib_table-components_editors_employee-link-editor_compone-862aad.js[39m[37m[2m | [22m[2mgauzy-plugin-public-layout-ui[22m                                        [2m | [22m  [36m1.53 MB[39m[37m[2m | [22m[0m[39m
[37m[0m[32mdefault-packages_ui-core_shared_src_lib_table-components_contact-with-tags_contact-with-tags_-635642.js[39m[37m[2m | [22m[2mgauzy-plugin-public-layout-ui[22m                                        [2m | [22m  [36m1.50 MB[39m[37m[2m | [22m[0m[39m
[37m[0m[32mdefault-packages_ui-core_shared_src_lib_forms_location_location-form_component_ts-packages_ui-ecb239.js[39m[37m[2m | [22m[2mgauzy-ui-auth[22m                                                      [39m[37m  [2m | [22m  [36m1.30 MB[39m[37m[2m | [22m[0m[39m
[37m[0m[32mdefault-packages_ui-core_shared_src_lib_timesheet_gauzy-filters_gauzy-filters_component_ts.js[39m[37m          [2m | [22m[2mgauzy-ui-core-shared[22m                                                 [2m | [22m  [36m1.01 MB[39m[37m[2m | [22m[0m[39m
[37m[0m[32mapps_gauzy_src_app_pages_pages_module_ts.js[39m[37m                                                            [2m | [22m[2mpages-pages-module[22m                                                   [2m | [22m[36m998.86 kB[39m[37m[2m | [22m[0m[39m
[37m[0m[32mapps_gauzy_src_app_pages_documents_documents_module_ts.js[39m[37m                                              [2m | [22m[2mdocuments-documents-module[22m                                           [2m | [22m[36m975.15 kB[39m[37m[2m | [22m[0m[39m
[37m[0m[32mapps_gauzy_src_app_pages_employee-levels_employee-level_module_ts-packages_ui-core_core_src_l-5f94d8.js[39m[37m[2m | [22m[2memployee-levels-employee-level-module[22m                                [2m | [22m[36m971.92 kB[39m[37m[2m | [22m[0m[39m
[37m[0m[32mapps_gauzy_src_app_pages_positions_positions_module_ts-packages_ui-core_core_src_lib_services-225151.js[39m[37m[2m | [22m[2mpositions-positions-module[22m                                           [2m | [22m[36m969.60 kB[39m[37m[2m | [22m[0m[39m
[37m[0m[32mdefault-packages_ui-core_shared_src_lib_table-components_picture-name-tags_picture-name-tags_-d9cd1c.js[39m[37m[2m | [22m[2mgauzy-ui-auth[22m                                                        [2m | [22m[36m958.51 kB[39m[37m[2m | [22m[0m[39m
[37m[0m[32mpackages_plugins_integration-hubstaff-ui_src_index_ts.js[39m[37m                                               [2m | [22m[2mgauzy-plugin-integration-hubstaff-ui[22m                                 [2m | [22m[36m957.35 kB[39m[37m[2m | [22m[0m[39m
[37m[0m[32mapps_gauzy_src_app_pages_reports_amounts-owed-report_amounts-owed-report_module_ts.js[39m[37m                  [2m | [22m[2mreports-amounts-owed-report-amou[39m[37mnts-owed-report-module[22m               [2m | [22m[36m953.20 kB[39m[37m[2m | [22m[0m[39m
[37m[0m[32mapps_gauzy_src_app_pages_reports_apps-urls-report_apps-urls-report_module_ts-packages_constan-b54ec1.js[39m[37m[2m | [22m[2mreports-apps-urls-report-apps-urls-report-module[22m                     [2m | [22m[36m946.46 kB[39m[37m[2m | [22m[0m[39m
[37m[0m[32mdefault-packages_ui-core_shared_src_lib_report_daily-grid_daily-grid_module_ts.js[39m[37m                      [2m | [22m[2mgauzy-ui-core-shared[22m                                                 [2m | [22m[36m938.16 kB[39m[37m[2m | [22m[0m[39m
[37m[0m[32mdefault-packages_ui-core_shared_src_lib_tasks_add-task-dialog_add-task-dialog_component_ts.js[39m[37m          [2m | [22m[2mdashboard-dashboard-module[22m                                           [2m | [22m[36m933.48 kB[39m[37m[2m | [22m[0m[39m
[37m[0m[32mdefault-packages_ui-core_shared_src_lib_user_edit-profile-form_edit-profile-form_module_ts.js[39m[37m          [2m | [22m[2mgauzy-ui-core-shared[22m                                                 [2m | [22m[36m924.78 kB[39m[37m[2m | [22m[0m[39m
[37m[0m[32mapps_gauzy_src_app_pages_income_income_module_ts-packages_contracts_src_lib_payment_model_ts--61afcb.js[39m[37m[2m | [22m[2mincome-income-module[22m                                                 [2m | [22m[36m922.38 kB[39m[37m[2m | [22m[0m[39m
[37m[0m[32mdefault-packages_ui-core_shared_src_lib_report_expenses-report-grid_expenses-report-grid_module_ts.js[39m[37m  [2m | [22m[2mgauzy-ui-core-shared[22m                                                 [2m | [22m[36m912.94 kB[39m[37m[2m | [22m[0m[39m
[37m[0m[32mapps_gauzy_src_app_pages_employment-types_employment-types_module_ts-packages_ui-core_core_sr-4243d0.js[39m[37m[2m | [22m[2memployment-types-employment-types-module[22m                             [2m | [22m[36m910.57 kB[39m[37m[2m | [22m[0m[39m
[37m[0m[32mapps_gauzy_src_app_pages_vendors_vendors_module_ts-packages_ui-core_core_src_lib_services_cru-92f08c.js[39m[37m[2m | [39m[37m[22m[2mvendors-vendors-module[22m                                               [2m | [22m[36m910.02 kB[39m[37m[2m | [22m[0m[39m
[37m[0m[32mdefault-packages_ui-core_shared_src_lib_report_activities-report-grid_activities-report-grid_-73b67d.js[39m[37m[2m | [22m[2mgauzy-ui-core-shared[22m                                                 [2m | [22m[36m908.12 kB[39m[37m[2m | [22m[0m[39m
[37m[0m[32mapps_gauzy_src_app_pages_employees_activity_screenshot_screenshot_module_ts-node_modules_file-e716ad.js[39m[37m[2m | [22m[2mscreenshot-screenshot-module[22m                                         [2m | [22m[36m904.84 kB[39m[37m[2m | [22m[0m[39m
[37m[0m[32mapps_gauzy_src_app_pages_reports_manual-time_manual-time_module_ts-packages_constants_src_lib-23a9c5.js[39m[37m[2m | [22m[2mreports-manual-time-manual-time-module[22m                               [2m | [22m[36m904.81 kB[39m[37m[2m | [22m[0m[39m
[37m[0m[32mapps_gauzy_src_app_pages_payments_payments_module_ts-packages_contracts_src_lib_payment_model-8aad20.js[39m[37m[2m | [22m[2mpayments-payments-module[22m                                             [2m | [22m[36m902.33 kB[39m[37m[2m | [22m[0m[39m
[37m[0m[32mdefault-packages_ui-core_shared_src_lib_report_payment-report-grid_payment-report-grid_module_ts.js[39m[37m    [2m | [22m[2mgauzy-ui-core-shared[22m                                                 [2m | [22m[36m894.41 kB[39m[37m[2m | [22m[0m[39m
[37m[0m[32mapps_gauzy_src_app_pages_reports_time-limit-report_time-limit-report_module_ts.js[39m[37m                      [2m | [22m[2mreports-time-limit-report-time-limit-report-module[22m                   [2m | [22m[36m892.38 kB[39m[37m[2m | [22m[0m[39m
[37m[0m[32mapps_gauzy_src_app_pages_reports_weekly-time-reports_weekly-time-reports_module_ts.js[39m[37m                  [2m | [22m[2mreports-weekly-time-reports-weekly-time-reports-module[22m               [2m | [22m[36m891.98 kB[39m[37m[2m | [22m[0m[39m
[37m[0m[32mapps_gauzy_src_app_pages_employees_timesheet_daily_daily_module_ts-packages_[39m[37mui-core_shared_sr-516d1b.js[39m[37m[2m | [22m[2mdaily-daily-module[22m                                                   [2m | [22m[36m891.93 kB[39m[37m[2m | [22m[0m[39m
[37m[0m[32mdefault-packages_plugins_public-layout-ui_src_lib_components_workspace-actions_shared_base-wo-174836.js[39m[37m[2m | [22m[2mcomponents-workspace-actions-workspace-create-workspace-create-module[22m[2m | [22m[36m886.33 kB[39m[37m[2m | [22m[0m[39m
[37m[0m[32mapps_gauzy_src_app_pages_equipment-sharing_equipment-sharing_module_ts-packages_ui-core_core_-8a40e4.js[39m[37m[2m | [22m[2mequipment-sharing-equipment-sharing-module[22m                           [2m | [22m[36m883.69 kB[39m[37m[2m | [22m[0m[39m
[37m[0m[32mapps_gauzy_src_app_pages_equipment-sharing-policy_equipment-sharing-policy_module_ts.js[39m[37m                [2m | [22m[2mequipment-sharing-policy-equipment-sharing-policy-module[22m             [2m | [22m[36m883.46 kB[39m[37m[2m | [22m[0m[39m
[37m[0m[32mapps_gauzy_src_app_pages_reports_project-budgets-report_project-budgets-report_module_ts.js[39m[37m            [2m | [22m[2mreports-project-budgets-report-project-budgets-report-module[22m         [2m | [22m[36m881.95 kB[39m[37m[2m | [22m[0m[39m
[37m[0m[32mapps_gauzy_src_app_pages_reports_client-budgets-report_client-budgets-report_module_ts.js[39m[37m              [2m | [22m[2mreports-client-budgets-report-client-budgets-report-module[22m           [2m | [22m[36m878.96 kB[39m[37m[2m | [22m[0m[39m
[37m[0m[32mdefault-packages_ui-core_shared_src_lib_timesheet_edit-time-log-modal_edit-time-log-modal_com-3eabf7.js[39m[37m[2m | [22m[2mdashboard-dashboard-module[22m                                           [2m | [22m[36m876.35 kB[39m[37m[2m | [22m[0m[39m
[37m[0m[32mapps_gauzy_src_app_pages_reports_payment-report_payment-report_module_ts.js[39m[37m                            [2m | [22m[2mreports-payment-report-payment-report-module[22m                         [2m | [22m[36m873.09 kB[39m[37m[2m | [22m[0m[39m
[37m[0m[32mapps_gauzy_src_app_pages_reports_exp[39m
[37menses-report_expenses-report_module_ts.js[39m[37m                          [2m | [22m[2mreports-expenses-report-expenses-report-module[22m                       [2m | [22m[36m869.53 kB[39m[37m[2m | [22m[0m[39m
[37m[0m[32mpackages_constants_src_lib_organization_ts-packages_plugins_public-layout-ui_src_lib_componen-8c5af9.js[39m[37m[2m | [22m[2mcomponents-workspace-actions-workspace-create-workspace-create-module[22m[2m | [22m[36m866.82 kB[39m[37m[2m | [22m[0m[39m
[37m[0m[32mpackages_plugins_public-layout-ui_src_lib_components_workspace-actions_workspace-signin_works-10399f.js[39m[37m[2m | [22m[2mcomponents-workspace-actions-workspace-signin-workspace-signin-module[22m[2m | [22m[36m866.16 kB[39m[37m[2m | [22m[0m[39m
[37m[0m[32mpackages_plugins_public-layout-ui_src_lib_components_workspace-actions_workspace-find_workspa-09a5ff.js[39m[37m[2m | [22m[2mcomponents-workspace-actions-workspace-find-workspace-find-module[22m    [2m | [22m[36m866.07 kB[39m[37m[2m | [22m[0m[39m
[37m[0m[32mapps_gauzy_src_app_pages_employees_schedules_availability-slots_availability-slots_module_ts.js[39m[37m        [2m | [22m[2mavailability-slots-availability-slots-module[22m                         [2m | [22m[36m865.00 kB[39m[37m[2m | [22m[0m[39m
[37m[0m[32mdefault-packages_ui-core_core_src_lib_services_approval-policy_approval-policy_service_ts-pac-b79cad.js[39m[37m[2m | [22m[2mgauzy-ui-core-shared[22m                                                 [2m | [22m[36m864.87 kB[39m[37m[2m | [22m[0m[39m
[37m[0m[32mdefault-apps_gauzy_src_app_pages_invoices_invoice-payments_payment-mutation_payment-mutation_-a1fb39.js[39m[37m[2m | [22m[2minvoices-invoices-module[22m                                             [2m | [22m[36m863.46 kB[39m[37m[2m | [22m[0m[39m
[37m[0m[32mdefault-apps_gauzy_src_app_pages_tasks_components_my-task-dialog_my-task-dialog_component_ts--0c4482.js[39m[37m[2m | [22m[2mdashboard-dashboard-module[22m                                           [2m | [22m[36m861.79 kB[39m[37m[2m | [22m[0m[39m
[37m[0m[39m[37m[32mdefault-packages_ui-core_shared_src_lib_report_amounts-owed-grid_amounts-owed-grid_module_ts.js[39m[37m        [2m | [22m[2mgauzy-ui-core-shared[22m                                                 [2m | [22m[36m859.25 kB[39m[37m[2m | [22m[0m[39m
[37m[0m[32mapps_gauzy_src_app_pages_reports_time-reports_time-reports_module_ts.js[39m[37m                                [2m | [22m[2mreports-time-reports-time-reports-module[22m                             [2m | [22m[36m858.89 kB[39m[37m[2m | [22m[0m[39m
[37m[0m[32mapps_gauzy_src_app_pages_employees_timesheet_approvals_approvals_module_ts.js[39m[37m                          [2m | [22m[2mapprovals-approvals-module[22m                                           [2m | [22m[36m857.02 kB[39m[37m[2m | [22m[0m[39m
[37m[0m[32mapps_gauzy_src_app_pages_employees_timesheet_view_view_module_ts.js[39m[37m                                    [2m | [22m[2mview-view-module[22m                                                     [2m | [22m[36m852.79 kB[39m[37m[2m | [22m[0m[39m
[37m[0m[32mdefault-packages_ui-core_shared_src_lib_timesheet_view-time-log-modal_view-time-log-modal_com-2ddf8f.js[39m[37m[2m | [22m[2mdashboard-dashboard-module[22m                                           [2m | [22m[36m848.75 kB[39m[37m[2m | [22m[0m[39m
[37m[0m[32mdefault-packages_ui-core_shared_src_lib_timesheet_view-time-log_view-time-log_module_ts.js[39m[37m             [2m | [22m[2mgauzy-ui-core-shared[22m                                                 [2m | [22m[36m847.16 kB[39m[37m[2m | [22m[0m[39m
[37m[0m[32mdefault-packages_ui-core_shared_src_lib_dialogs_dialogs_module_ts.js[39m[37m                                   [2m | [22m[2mdashboard-dashboard-module[22m                                           [2m | [22m[36m843.11 kB[39m[37m[2m | [22m[0m[39m
[37m[0m[32mapps_gauzy_src_app_pages_employees_timesheet_weekly_weekly_module_ts-packages_ui-core_shared_-0a14c4.js[39m[37m[2m | [22m[2mweekly-weekly-module[22m                                                 [2m | [22m[39m[37m[36m838.98 kB[39m[37m[2m | [22m[0m[39m
[37m[0m[32mapps_gauzy_src_app_pages_tags_tags_module_ts-packages_contracts_src_lib_role_model_ts-package-4b87b2.js[39m[37m[2m | [22m[2mtags-tags-module[22m                                                     [2m | [22m[36m838.28 kB[39m[37m[2m | [22m[0m[39m
[37m[0m[32mapps_gauzy_src_app_pages_import-export_import_import_module_ts.js[39m[37m                                      [2m | [22m[2mimport-import-module[22m                                                 [2m | [22m[36m838.23 kB[39m[37m[2m | [22m[0m[39m
[37m[0m[32mdefault-packages_ui-core_shared_src_lib_approvals_approvals-mutation_module_ts.js[39m[37m                      [2m | [22m[2mgauzy-ui-core-shared[22m                                                 [2m | [22m[36m837.47 kB[39m[37m[2m | [22m[0m[39m
[37m[0m[32mdefault-packages_ui-core_shared_src_lib_organizations_organizations-mutation_organizations-mu-92638e.js[39m[37m[2m | [22m[2mgauzy-ui-core-shared[22m                                                 [2m | [22m[36m834.77 kB[39m[37m[2m | [22m[0m[39m
[37m[0m[32mdefault-packages_ui-core_shared_src_lib_equipment_equipment-mutation_module_ts.js[39m[37m                      [2m | [22m[2mgauzy-ui-core-shared[22m                                                 [2m | [22m[36m831.10 kB[39m[37m[2m | [22m[0m[39m
[37m[0m[32mapps_gauzy_src_app_pages_approvals_approvals_module_ts-packages_contracts_src_lib_role_model_-4857d6.js[39m[37m[2m | [22m[2mapprovals-approvals-module[22m                                           [2m | [22m[36m829.31 kB[39m[37m[2m | [22m[0m[39m
[37m[0m[32mapps_gauzy_src_app_pages_approval-policy_approval-policy_module_ts.js[39m[37m                                  [2m | [22m[2mapproval-policy-approval-policy-module[22m                               [2m | [22m[36m825.51 kB[39m[37m[2m | [22m[0m[39m
[37m[0m[32mdefault-packages_ui-core_shared_src_lib_income_income-mutation_income-mutation_module_ts.js[39m[37m            [2m | [22m[2mincome-income-module[22m                      [39m[37m                           [2m | [22m[36m825.26 kB[39m[37m[2m | [22m[0m[39m
[37m[0m[32mapps_gauzy_src_app_pages_employees_timesheet_calendar_calendar_module_ts.js[39m[37m                            [2m | [22m[2mcalendar-calendar-module[22m                                             [2m | [22m[36m824.24 kB[39m[37m[2m | [22m[0m[39m
[37m[0m[32mdefault-packages_ui-core_shared_src_lib_table-components_contact-links_contact-links_componen-0c881f.js[39m[37m[2m | [22m[2mgauzy-plugin-public-layout-ui[22m                                        [2m | [22m[36m823.90 kB[39m[37m[2m | [22m[0m[39m
[37m[0m[32mdefault-packages_ui-core_shared_src_lib_employee_edit-employee-membership-form_edit-employee--47f502.js[39m[37m[2m | [22m[2mgauzy-ui-core-shared[22m                                                 [2m | [22m[36m823.14 kB[39m[37m[2m | [22m[0m[39m
[37m[0m[32mapps_gauzy_src_app_pages_recurring-expense-employee_recurring-expense-employee_module_ts.js[39m[37m            [2m | [22m[2mrecurring-expense-employee-recurring-expense-employee-module[22m         [2m | [22m[36m822.05 kB[39m[37m[2m | [22m[0m[39m
[37m[0m[32mapps_gauzy_src_app_pages_settings_file-storage_file-storage_module_ts.js[39m[37m                               [2m | [22m[2mfile-storage-file-storage-module[22m                                     [2m | [22m[36m821.31 kB[39m[37m[2m | [22m[0m[39m
[37m[0m[32mdefault-packages_ui-core_shared_src_lib_tags_tags-mutation_module_ts.js[39m[37m                                [2m | [22m[2mgauzy-ui-core-shared[22m                                                 [2m | [22m[36m819.65 kB[39m[37m[2m | [22m[0m[39m
[37m[0m[32mdefault-packages_ui-core_shared_src_lib_equipment_equipment-sharing-policy_equipment-sharing--bda3cd.js[39m[37m[2m | [22m[2mgauzy-ui-core-shared[22m                                                 [2m | [22m[36m813.58 kB[39m[37m[2m | [22m[0m[39m
[37m[0m[32mdefault-packages_ui-core_shared_src_lib_approval-policy_approval-policy-mutation_module_ts.js[39m[37m          [2m | [22m[2mgauzy-u[39m[37mi-core-shared[22m                                                 [2m | [22m[36m813.13 kB[39m[37m[2m | [22m[0m[39m
[37m[0m[32mapps_gauzy_src_app_pages_settings_roles-permissions_roles-permissions_module_ts.js[39m[37m                     [2m | [22m[2mroles-permissions-roles-permissions-module[22m                           [2m | [22m[36m812.76 kB[39m[37m[2m | [22m[0m[39m
[37m[0m[32mapps_gauzy_src_app_pages_import-export_import-export_module_ts.js[39m[37m                                      [2m | [22m[2mimport-export-import-export-module[22m                                   [2m | [22m[36m808.79 kB[39m[37m[2m | [22m[0m[39m
[37m[0m[32mapps_gauzy_src_app_pages_equipment_equipment_module_ts.js[39m[37m                                              [2m | [22m[2mequipment-equipment-module[22m                                           [2m | [22m[36m805.75 kB[39m[37m[2m | [22m[0m[39m
[37m[0m[32mapps_gauzy_src_app_pages_import-export_export_export_module_ts.js[39m[37m                                      [2m | [22m[2mexport-export-module[22m                                                 [2m | [22m[36m800.94 kB[39m[37m[2m | [22m[0m[39m
[37m[0m[32mdefault-packages_ui-core_shared_src_lib_user_forms_delete-confirmation_delete-confirmation_co-78659b.js[39m[37m[2m | [22m[2mincome-income-module[22m                                                 [2m | [22m[36m798.57 kB[39m[37m[2m | [22m[0m[39m
[37m[0m[32mdefault-packages_ui-core_shared_src_lib_invoice_components_inner-component_invoice-view-inner-2c15b3.js[39m[37m[2m | [22m[2mgauzy-plugin-public-layout-ui[22m                                        [2m | [22m[36m796.56 kB[39m[37m[2m | [22m[0m[39m
[37m[0m[32mdefault-packages_ui-core_shared_src_lib_card-grid_card-grid_module_ts.js[39m[37m                               [2m | [22m[2mincome-income-module[22m                                                 [2m | [22m[36m790.58 kB[39m[37m[2m | [22m[0m[39m
[37m[0m[32mdefault-packages_contracts_src_lib_custom-smtp_model_ts-packages_ui-core_shared_src_lib_mod[39m[37mul-5a9d64.js[39m[37m[2m | [22m[2mgauzy-ui-core-shared[22m                                                 [2m | [22m[36m790.24 kB[39m[37m[2m | [22m[0m[39m
[37m[0m[32mdefault-packages_ui-core_shared_src_lib_organizations_organizations-mutation_organizations-mu-450ca4.js[39m[37m[2m | [22m[2mgauzy-ui-auth[22m                                                        [2m | [22m[36m782.92 kB[39m[37m[2m | [22m[0m[39m
[37m[0m[32mapps_gauzy_src_app_pages_settings_custom-smtp_custom-smtp_module_ts-packages_contracts_src_li-801e86.js[39m[37m[2m | [22m[2mcustom-smtp-custom-smtp-module[22m                                       [2m | [22m[36m781.58 kB[39m[37m[2m | [22m[0m[39m
[37m[0m[32mdefault-apps_gauzy_src_app_pages_approvals_table-components_approval-policy_approval-policy_c-79a2c1.js[39m[37m[2m | [22m[2mtime-off-time-off-module[22m                                             [2m | [22m[36m780.70 kB[39m[37m[2m | [22m[0m[39m
[37m[0m[32mapps_gauzy_src_app_pages_employees_schedules_schedule_module_ts.js[39m[37m                                     [2m | [22m[2memployees-schedules-schedule-module[22m                                  [2m | [22m[36m779.62 kB[39m[37m[2m | [22m[0m[39m
[37m[0m[32mdefault-packages_ui-core_shared_src_lib_timesheet_gauzy-filters_base-selector-filter_base-sel-53f045.js[39m[37m[2m | [22m[2mdashboard-dashboard-module[22m                                           [2m | [22m[36m779.14 kB[39m[37m[2m | [22m[0m[39m
[37m[0m[32mdefault-packages_ui-core_shared_src_lib_smtp_smtp_module_ts.js[39m[37m                                         [2m | [22m[2mgauzy-ui-core-shared[22m                                                 [2m | [22m[36m778.26 kB[39m[37m[2m | [22m[0m[39m
[37m[0m[32mdefault-packages_ui-core_shared_src_lib_feature-toggle_feature-toggle_module_ts.js[39m[37m                     [2m | [22m[2mgauzy-ui-core-shared[22m                                                 [2m | [22m[36m777.92 kB[39m[37m[2m | [22m[0m[39m
[37m[0m[32mdefault-packages_ui-core_shared_src_lib_report_dail[39m[37my-statistics_daily-statistics_module_ts.js[39m[37m          [2m | [22m[2mgauzy-ui-core-shared[22m                                                 [2m | [22m[36m777.49 kB[39m[37m[2m | [22m[0m[39m
[37m[0m[32mdefault-packages_ui-core_shared_src_lib_gallery_gallery_component_ts.js[39m[37m                                [2m | [22m[2mdashboard-dashboard-module[22m                                           [2m | [22m[36m776.76 kB[39m[37m[2m | [22m[0m[39m
[37m[0m[32mdefault-packages_ui-core_shared_src_lib_tags_tags-color-input_tags-color-input_component_ts.js[39m[37m         [2m | [22m[2mgauzy-ui-auth[22m                                                        [2m | [22m[36m769.72 kB[39m[37m[2m | [22m[0m[39m
[37m[0m[32mapps_gauzy_src_app_pages_reports_all-report_all-report_module_ts.js[39m[37m                                    [2m | [22m[2mreports-all-report-all-report-module[22m                                 [2m | [22m[36m768.29 kB[39m[37m[2m | [22m[0m[39m
[37m[0m[32mdefault-packages_ui-core_shared_src_lib_gauzy-button-action_gauzy-button-action_module_ts.js[39m[37m           [2m | [22m[2mdashboard-dashboard-module[22m                                           [2m | [22m[36m765.11 kB[39m[37m[2m | [22m[0m[39m
[37m[0m[32mapps_gauzy_src_app_pages_employees_timesheet_timesheet_module_ts.js[39m[37m                                    [2m | [22m[2mtimesheet-timesheet-module[22m                                           [2m | [22m[36m761.85 kB[39m[37m[2m | [22m[0m[39m
[37m[0m[32mdefault-packages_ui-core_shared_src_lib_timesheet_activities_activity-item_activity-item_module_ts.js[39m[37m  [2m | [22m[2mdashboard-dashboard-module[22m                                           [2m | [22m[36m761.61 kB[39m[37m[2m | [22m[0m[39m
[37m[0m[32mdefault-packages_ui-core_shared_src_lib_file-uploader-input_file-uploader-input_module_ts.js[39m[37m           [2m | [22m[2mincome-income-module[22m                                                 [2m | [22m[36m761.15 kB[39m[37m[2m | [22m[0m[39m
[37m[0m[32mdefault-pac[39m[37mkages_ui-core_shared_src_lib_progress-status_progress-status_module_ts-packages_ui-dedc7c.js[39m[37m[2m | [22m[2mgauzy-ui-core-shared[22m                                                 [2m | [22m[36m761.07 kB[39m[37m[2m | [22m[0m[39m
[37m[0m[32mdefault-packages_ui-core_shared_src_lib_entity-with-members-card_entity-with-members-card_module_ts.js[39m[37m [2m | [22m[2mgauzy-ui-core-shared[22m                                                 [2m | [22m[36m759.50 kB[39m[37m[2m | [22m[0m[39m
[37m[0m[32mdefault-packages_ui-core_shared_src_lib_faq_faq_module_ts.js[39m[37m                                           [2m | [22m[2mgauzy-ui-auth[22m                                                        [2m | [22m[36m756.66 kB[39m[37m[2m | [22m[0m[39m
[37m[0m[32mdefault-packages_ui-core_shared_src_lib_table-components_employee-with-links_employee-with-li-82c12d.js[39m[37m[2m | [22m[2mgauzy-plugin-public-layout-ui[22m                                        [2m | [22m[36m754.66 kB[39m[37m[2m | [22m[0m[39m
[37m[0m[32mdefault-packages_ui-core_shared_src_lib_report_project-column-view_project-column-view_module_ts.js[39m[37m    [2m | [22m[2mgauzy-ui-core-shared[22m                                                 [2m | [22m[36m753.46 kB[39m[37m[2m | [22m[0m[39m
[37m[0m[32mdefault-packages_ui-core_core_src_lib_services_timesheet_timesheet-statistics_service_ts-pack-72d70f.js[39m[37m[2m | [22m[2mdashboard-dashboard-module[22m                                           [2m | [22m[36m753.43 kB[39m[37m[2m | [22m[0m[39m
[37m[0m[32mapps_gauzy_src_app_pages_employees_activity_time-activities_time-activities_module_ts.js[39m[37m               [2m | [22m[2mtime-activities-time-activities-module[22m                               [2m | [22m[36m753.20 kB[39m[37m[2m | [22m[0m[39m
[37m[0m[32mapps_gauzy_src_app_pages_settings_feature_feature_module_ts.js[39m[37m                                         [2m | [22m[2mfeature-feature-module[22m                                               [2m | [22m[36m752.85 kB[[39m[37m39m[2m | [22m[0m[39m
[37m[0m[32mdefault-packages_ui-core_shared_src_lib_smart-data-layout_no-data-message_no-data-message_module_ts.js[39m[37m [2m | [22m[2mdashboard-dashboard-module[22m                                           [2m | [22m[36m747.76 kB[39m[37m[2m | [22m[0m[39m
[37m[0m[32mdefault-packages_ui-core_shared_src_lib_table-components_created-by_created-by-user_component_ts.js[39m[37m    [2m | [22m[2mgauzy-plugin-public-layout-ui[22m                                        [2m | [22m[36m747.64 kB[39m[37m[2m | [22m[0m[39m
[37m[0m[32mdefault-node_modules_fullcalendar_angular_fesm2020_fullcalendar-angular_mjs-node_modules_full-36b48d.js[39m[37m[2m | [22m[2mgauzy-plugin-public-layout-ui[22m                                        [2m | [22m[36m680.18 kB[39m[37m[2m | [22m[0m[39m
[37m[0m[32mdefault-node_modules_angular2-smart-table_fesm2022_angular2-smart-table_mjs.js[39m[37m                         [2m | [22m[2mgauzy-plugin-public-layout-ui[22m                                        [2m | [22m[36m475.69 kB[39m[37m[2m | [22m[0m[39m
[37m[0m[32mdefault-packages_ui-core_shared_src_index_ts.js[39m[37m                                                        [2m | [22m[2mgauzy-ui-core-shared[22m                                                 [2m | [22m[36m311.09 kB[39m[37m[2m | [22m[0m[39m
[37m[0m[32mpackages_plugins_integration-zapier-ui_src_index_ts.js[39m[37m                                                 [2m | [22m[2mgauzy-plugin-integration-zapier-ui[22m                                   [2m | [22m[36m271.72 kB[39m[37m[2m | [22m[0m[39m
[37m[0m[32mpackages_plugins_integration-upwork-ui_src_index_ts.js[39m[37m                                                 [2m | [22m[2mgauzy-plugin-integration-upwork-ui[22m                                   [2m | [22m[36m269.49 kB[39m[37m[2m | [22m[0m[39m
[37m[0m[32mpackages_plugins_integration-ai-ui_src_index_ts.js[39m[37m                                                     [2m | [22m[2mgauzy-plugin-integration-ai-ui[22m                           [39m[37m            [2m | [22m[36m238.09 kB[39m[37m[2m | [22m[0m[39m
[37m[0m[32mpackages_plugins_integration-make-com-ui_src_index_ts.js[39m[37m                                               [2m | [22m[2mgauzy-plugin-integration-make-com-ui[22m                                 [2m | [22m[36m232.96 kB[39m[37m[2m | [22m[0m[39m
[37m[0m[32mpackages_constants_src_lib_organization_ts-packages_plugins_onboarding-ui_src_index_ts-packag-be6e91.js[39m[37m[2m | [22m[2mgauzy-plugin-onboarding-ui[22m                                           [2m | [22m[36m216.10 kB[39m[37m[2m | [22m[0m[39m
[37m[0m[32mdefault-node_modules_angular_cdk_fesm2022_drag-drop_mjs.js[39m[37m                                             [2m | [22m[2mdashboard-dashboard-module[22m                                           [2m | [22m[36m201.68 kB[39m[37m[2m | [22m[0m[39m
[37m[0m[32mdefault-packages_ui-core_shared_src_lib_forms_location_location-form_module_ts.js[39m[37m                      [2m | [22m[2mgauzy-plugin-onboarding-ui[22m                                           [2m | [22m[36m181.89 kB[39m[37m[2m | [22m[0m[39m
[37m[0m[32mdefault-packages_ui-core_shared_src_lib_report_charts_line-chart_line-chart_module_ts-package-927b03.js[39m[37m[2m | [22m[2mdashboard-dashboard-module[22m                                           [2m | [22m[36m171.52 kB[39m[37m[2m | [22m[0m[39m
[37m[0m[32mdefault-packages_ui-core_shared_src_lib_smart-data-layout_pagination_pagination-filter-base_c-a654f1.js[39m[37m[2m | [22m[2mdashboard-dashboard-module[22m                                           [2m | [22m[36m133.61 kB[39m[37m[2m | [22m[0m[39m
[37m[0m[32mdefault-apps_gauzy_src_app_pages_inventory_components_inventory-table-components_index_ts-pac-1574b0.js[39m[37m[2m | [22m[2mequipment-equipment-module[22m                                           [2m | [22m [36m92.39 kB[39m[37m[2m | [22m[0m[39m
[37m[0m[32mpackages_ui-core_core_src_lib_services_organization_organization-employment-types_service_ts--2756df.js[39m[37m[2m | [22m[2morganizations-organiza[39m[37mtions-module[22m                                   [2m | [22m [36m62.04 kB[39m[37m[2m | [22m[0m[39m
[37m[0m[32mapps_gauzy_src_app_pages_contacts_contact-view_contact-view_module_ts.js[39m[37m                               [2m | [22m[2mcontact-view-contact-view-module[22m                                     [2m | [22m [36m61.00 kB[39m[37m[2m | [22m[0m[39m
[37m[0m[32mdefault-packages_ui-core_shared_src_lib_forms_helpers_ts.js[39m[37m                                            [2m | [22m[2mgauzy-ui-auth[22m                                                        [2m | [22m [36m59.71 kB[39m[37m[2m | [22m[0m[39m
[37m[0m[32mcommon.js[39m[37m                                                                                              [2m | [22m[2mcommon[22m                                                               [2m | [22m [36m50.70 kB[39m[37m[2m | [22m[0m[39m
[37m[0m[32mdefault-packages_ui-core_shared_src_lib_product_product-category-selector_product-category-se-f5164c.js[39m[37m[2m | [22m[2mincome-income-module[22m                                                 [2m | [22m [36m50.66 kB[39m[37m[2m | [22m[0m[39m
[37m[0m[32mdefault-packages_ui-core_core_src_lib_guards_invite_guard_ts-packages_ui-core_core_src_lib_se-177ad0.js[39m[37m[2m | [22m[2memployees-employees-module[22m                                           [2m | [22m [36m48.30 kB[39m[37m[2m | [22m[0m[39m
[37m[0m[32mdefault-packages_ui-core_shared_src_lib_goal_goal-templates_goal-templates_module_ts.js[39m[37m                [2m | [22m[2mgauzy-ui-core-shared[22m                                                 [2m | [22m [36m40.13 kB[39m[37m[2m | [22m[0m[39m
[37m[0m[32mdefault-packages_contracts_src_lib_expense_model_ts-packages_contracts_src_lib_payment_model_-c0e207.js[39m[37m[2m | [22m[2minvoices-invoices-module[22m                                             [2m | [22m [36m39.13 kB[39m[37m[2m | [22m[0m[39m
[37m[0m[32mpackages_ui-core_core_src_lib_services_crud_crud_service_ts-packages_ui-core_core_src_lib_ser-94b038.js[3[39m[37m9m[2m | [22m[2mgauzy-ui-core-shared[22m                                                 [2m | [22m [36m38.97 kB[39m[37m[2m | [22m[0m[39m
[37m[0m[32mdefault-packages_ui-core_shared_src_lib_goal_goal-level-select_goal-level-select_module_ts.js[39m[37m          [2m | [22m[2mgauzy-ui-core-shared[22m                                                 [2m | [22m [36m37.47 kB[39m[37m[2m | [22m[0m[39m
[37m[0m[32mapps_gauzy_src_app_pages_auth_auth_module_ts-packages_constants_src_lib_organization_ts-packa-a9d80e.js[39m[37m[2m | [22m[2mauth-auth-module[22m                                                     [2m | [22m [36m36.04 kB[39m[37m[2m | [22m[0m[39m
[37m[0m[32mpackages_ui-core_core_src_lib_services_invite_invite_service_ts-packages_ui-core_core_src_lib-92fec4.js[39m[37m[2m | [22m[2mgauzy-ui-core-shared[22m                                                 [2m | [22m [36m35.62 kB[39m[37m[2m | [22m[0m[39m
[37m[0m[32mdefault-packages_ui-core_shared_src_lib_table-filters_table-filters_module_ts.js[39m[37m                       [2m | [22m[2mincome-income-module[22m                                                 [2m | [22m [36m33.13 kB[39m[37m[2m | [22m[0m[39m
[37m[0m[32mdefault-apps_gauzy_src_app_pages_employees_table-components_index_ts-packages_ui-core_shared_-82a372.js[39m[37m[2m | [22m[2memployees-employees-module[22m                                           [2m | [22m [36m31.44 kB[39m[37m[2m | [22m[0m[39m
[37m[0m[32mdefault-packages_ui-core_shared_src_lib_components_dynamic-tabs_dynamic-tabs_module_ts.js[39m[37m              [2m | [22m[2mdashboard-dashboard-module[22m                                           [2m | [22m [36m31.14 kB[39m[37m[2m | [22m[0m[39m
[37m[0m[32mdefault-packages_constants_src_lib_github_ts-packages_ui-core_shared_src_lib_integrations_git-cfd40a.js[39m[37m[2m | [22m[2mgauzy-ui-core-shared[22m                                                 [2m | [22m [36m30.77 kB[39m[37m[2m | [22m[0m[39m
[37m[0m[32mdefault-packages_ui-core_shared_src_lib_favorite-toggle_favorite-t[39m[37moggle_module_ts.js[39m[37m                   [2m | [22m[2mcontacts-contacts-module[22m                                             [2m | [22m [36m27.66 kB[39m[37m[2m | [22m[0m[39m
[37m[0m[32mdefault-packages_ui-core_core_src_lib_moment-extend_ts-packages_ui-core_core_src_lib_resolver-59610d.js[39m[37m[2m | [22m[2mdashboard-dashboard-module[22m                                           [2m | [22m [36m26.45 kB[39m[37m[2m | [22m[0m[39m
[37m[0m[32mdefault-packages_ui-core_shared_src_lib_miscellaneous_miscellaneous_module_ts.js[39m[37m                       [2m | [22m[2mpages-pages-module[22m                                                   [2m | [22m [36m25.58 kB[39m[37m[2m | [22m[0m[39m
[37m[0m[32mpackages_plugins_maintenance-ui_src_index_ts.js[39m[37m                                                        [2m | [22m[2mgauzy-plugin-maintenance-ui[22m                                          [2m | [22m [36m24.48 kB[39m[37m[2m | [22m[0m[39m
[37m[0m[32mdefault-packages_ui-core_shared_src_lib_table-filters_expense-category-filter_component_ts-pa-ac5195.js[39m[37m[2m | [22m[2mincome-income-module[22m                                                 [2m | [22m [36m24.07 kB[39m[37m[2m | [22m[0m[39m
[37m[0m[32mdefault-packages_ui-core_shared_src_lib_ckeditor_config_ts-ckeditor4-angular.js[39m[37m                        [2m | [22m[2mdashboard-dashboard-module[22m                                           [2m | [22m [36m24.01 kB[39m[37m[2m | [22m[0m[39m
[37m[0m[32mdefault-packages_ui-core_shared_src_lib_proposal-template-select_proposal-template-select_mod-05bb22.js[39m[37m[2m | [22m[2mgauzy-ui-core-shared[22m                                                 [2m | [22m [36m23.21 kB[39m[37m[2m | [22m[0m[39m
[37m[0m[32mdefault-packages_ui-core_shared_src_lib_skills_skills-input_skills-input_module_ts.js[39m[37m                  [2m | [22m[2mgauzy-plugin-public-layout-ui[22m                                        [2m | [22m [36m22.91 kB[39m[37m[2m | [22m[0m[39m
[37m[0m[32mdefault-node_modules_ngx-m[39m[37moment_fesm2020_ngx-moment_mjs.js[39m[37m                                             [2m | [22m[2mdashboard-dashboard-module[22m                                           [2m | [22m [36m22.86 kB[39m[37m[2m | [22m[0m[39m
[37m[0m[32mdefault-packages_ui-core_shared_src_lib_language_language-selector_language-selector_module_ts.js[39m[37m      [2m | [22m[2mgauzy-plugin-public-layout-ui[22m                                        [2m | [22m [36m22.76 kB[39m[37m[2m | [22m[0m[39m
[37m[0m[32mdefault-packages_ui-core_core_src_lib_services_crud_crud_service_ts-ckeditor4-angular.js[39m[37m               [2m | [22m[2mdashboard-dashboard-module[22m                                           [2m | [22m [36m20.78 kB[39m[37m[2m | [22m[0m[39m
[37m[0m[32mdefault-packages_ui-core_shared_src_lib_tasks_task-status-select_task-status-select_component_ts.js[39m[37m    [2m | [22m[2mdashboard-dashboard-module[22m                                           [2m | [22m [36m20.38 kB[39m[37m[2m | [22m[0m[39m
[37m[0m[32mdefault-packages_ui-core_shared_src_lib_modules_currency_currency_component_ts.js[39m[37m                      [2m | [22m[2mgauzy-ui-auth[22m                                                        [2m | [22m [36m18.60 kB[39m[37m[2m | [22m[0m[39m
[37m[0m[32mdefault-packages_ui-core_shared_src_lib_expenses_expense-category-select_expense-category-sel-f07d13.js[39m[37m[2m | [22m[2mincome-income-module[22m                                                 [2m | [22m [36m18.59 kB[39m[37m[2m | [22m[0m[39m
[37m[0m[32mdefault-packages_ui-core_core_src_lib_services_role_role_service_ts-packages_ui-core_shared_s-4bbc1f.js[39m[37m[2m | [22m[2mgauzy-ui-auth[22m                                                        [2m | [22m [36m17.98 kB[39m[37m[2m | [22m[0m[39m
[37m[0m[32mdefault-packages_ui-core_shared_src_lib_contact-select_contact-select_module_ts.js[39m[37m                     [2m | [22m[2mincome-income-module[22m                                                 [2m | [22m [36m17.56 kB[39m[37m[2m | [22m[39m[37m[0m[39m
[37m[0m[32mdefault-packages_ui-core_shared_src_lib_employee_employee-multi-select_employee-multi-select_-9b957a.js[39m[37m[2m | [22m[2mgauzy-plugin-public-layout-ui[22m                                        [2m | [22m [36m17.50 kB[39m[37m[2m | [22m[0m[39m
[37m[0m[32mpackages_ui-core_core_src_lib_services_invite_invite_service_ts-packages_ui-core_shared_src_l-c85f63.js[39m[37m[2m | [22m[2mgauzy-ui-core-shared[22m                                                 [2m | [22m [36m17.05 kB[39m[37m[2m | [22m[0m[39m
[37m[0m[32mdefault-packages_ui-core_shared_src_lib_table-filters_toggle-filter_toggle-filter_component_ts.js[39m[37m      [2m | [22m[2mincome-income-module[22m                                                 [2m | [22m [36m16.20 kB[39m[37m[2m | [22m[0m[39m
[37m[0m[32mdefault-node_modules_randomcolor_randomColor_js.js[39m[37m                                                     [2m | [22m[2mgauzy-ui-auth[22m                                                        [2m | [22m [36m12.60 kB[39m[37m[2m | [22m[0m[39m
[37m[0m[32mapps_gauzy_src_app_pages_settings_general-setting_general-setting_module_ts.js[39m[37m                         [2m | [22m[2mgeneral-setting-general-setting-module[22m                               [2m | [22m  [36m8.67 kB[39m[37m[2m | [22m[0m[39m
[37m[0m[32mapps_gauzy_src_app_pages_help_help_module_ts.js[39m[37m                                                        [2m | [22m[2mhelp-help-module[22m                                                     [2m | [22m  [36m7.63 kB[39m[37m[2m | [22m[0m[39m
[37m[0m[32mpackages_ui-core_core_src_lib_services_page_page-route-registry_service_ts.js[39m[37m                          [2m | [22m[2mgauzy-plugin-legal-ui[22m                                                [2m | [22m  [36m7.48 kB[39m[37m[2m | [22m[0m[39m
[37m[0m[32mapps_gauzy_src_app_pages_about_about_module_ts.js[39m[37m                                                      [2m | [22m[2mabout-about-module[22m                                                   [2[39m[37mm | [22m  [36m7.40 kB[39m[37m[2m | [22m[0m[39m
[37m[0m[32mapps_gauzy_src_app_pages_employees_appointment_appointment_module_ts.js[39m[37m                                [2m | [22m[2memployees-appointment-appointment-module[22m                             [2m | [22m  [36m4.93 kB[39m[37m[2m | [22m[0m[39m
[37m[0m[32mpackages_ui-core_shared_src_lib_utils_language-utils_ts.js[39m[37m                                             [2m | [22m[2mgauzy-ui-core-shared[22m                                                 [2m | [22m  [36m1.52 kB[39m[37m[2m | [22m[0m[39m
[37m[0m[0m[39m
[37m[0mBuild at: [1m[37m2025-10-29T19:15:55.648Z[39m[37m[22m - Hash: [1m[37md43afff051547126[39m[37m[22m - Time: [1m[37m188334[39m[37m[22mms[0m[39m
[37m[39m
[37m** Angular Live Development Server is listening on localhost:4200, open your browser on http://localhost:4200/ **[39m
[37m[39m
[37m[39m
[37m[92m✔[39m[37m Compiled successfully.[39m
[1m[33m[39m[22m
[1m[33m[0m[36m./node_modules/ionicons/dist/scss/ionicons.scss[39m[33m[0m - [0m[33mWarning: [39m[33m[0mModule Warning (from ./node_modules/@angular-builders/custom-webpack/node_modules/sass-loader/dist/cjs.js):[39m[22m
[1m[33mDeprecation Warning on line 0, column 8 of file:///Users/test/startups/ever-gauzy/node_modules/ionicons/dist/scss/ionicons.scss:0:8:[39m[22m
[1m[33mSass @import rules are deprecated and will be removed in Dart Sass 3.0.0.[39m[22m
[1m[33m[39m[22m
[1m[33mMore info and automated migrator: https://sass-lang.com/d/import[39m[22m
[1m[33m[39m[22m
[1m[33m0 | @import "ionicons-variables";[39m[22m
[1m[33m[39m[22m
[1m[33m[39m[22m
[1m[33mnode_modules/ionicons/dist/scss/ionicons.scss 1:9  root stylesheet[39m[22m
[1m[33m[39m[22m
[1m[33m[39m[22m
[1m[33m[0m[36m./node_modules/ionicons/dist/scss/ionicons.scss[39m[33m[0m - [0m[33mWarning: [39m[33m[0mModule Warning (from ./node_modules/@angular-builders/custom-webpack/node_modules/sass-loader/dist/cjs.js):[39m[22m
[1m[33mDeprecation Warning on line 42, column 8 of file:///Users/test/startups/ever-gauzy/node_modules/ionicons/dist/scss/ionicons.scss:42:8:[39m[22m
[1m[33mSass @import rules are deprecated and will be removed in Dart Sass 3.0.0.[39m[22m
[1m[33m[39m[22m
[1m[33mMore info and automated migrator: https://sass-lang.com/d/import[39m[22m
[1m[33m[39m[22m
[1m[33m42 | @import "ionicons-common";[39m[22m
[1m[33m[39m[22m
[1m[33m[39m[22m
[1m[33mnode_modules/ionicons/dist/scss/ionicons.scss 43:9  root stylesheet[39m[22m
[1m[33m[39m[22m
[1m[33m[39m[22m
[1m[33m[0m[36m./node_modules/ionicons/dist/scss/ionicons.scss[39m[33m[0m - [0m[33mWarning: [39m[33m[0mModule Warning (from ./node_modules/@angular-builders/custom-webpack/node_modules/sass-loader/dist/cjs.js):[39m[22m
[1m[33mDeprecation Warning on line 43, column 8 of file:///Users/test/startups/ever-gauzy/node_modules/ionicons/dist/scss/ionicons.scss:43:8:[39m[22m
[1m[33mSass @import rules are deprecated and will be removed in Dart Sass 3.0.0.[39m[22m
[1m[33m[39m[22m
[1m[33mMore info and automated migrator: https://sass-lang.com/d/import[39m[22m
[1m[33m[39m[22m
[1m[33m43 | @import "ionicons-icons";[39m[22m
[1m[33m[39m[22m
[1m[33m[39m[22m
[1m[33mnode_modules/ionicons/dist/scss/ionicons.scss 44:9  root stylesheet[39m[22m
[1m[33m[39m[22m
[1m[33m[39m[22m
[1m[33m[0m[36m./node_modules/nebular-icons/scss/nebular-icons.scss[39m[33m[0m - [0m[33mWarning: [39m[33m[0mModule Warning (from ./node_modules/@angular-builders/custom-webpack/node_modules/sass-loader/dist/cjs.js):[39m[22m
[1m[33mDeprecation Warning on line 6, column 8 of f[39m[22m[1m[33mile:///Users/test/startups/ever-gauzy/node_modules/nebular-icons/scss/nebular-icons.scss:6:8:[39m[22m
[1m[33mSass @import rules are deprecated and will be removed in Dart Sass 3.0.0.[39m[22m
[1m[33m[39m[22m
[1m[33mMore info and automated migrator: https://sass-lang.com/d/import[39m[22m
[1m[33m[39m[22m
[1m[33m6 | @import 'nebular-icons-variables';[39m[22m
[1m[33m[39m[22m
[1m[33m[39m[22m
[1m[33mnode_modules/nebular-icons/scss/nebular-icons.scss 7:9  root stylesheet[39m[22m
[1m[33m[39m[22m
[1m[33m[39m[22m
[1m[33m[0m[36m./node_modules/nebular-icons/scss/nebular-icons.scss[39m[33m[0m - [0m[33mWarning: [39m[33m[0mModule Warning (from ./node_modules/@angular-builders/custom-webpack/node_modules/sass-loader/dist/cjs.js):[39m[22m
[1m[33mDeprecation Warning on line 7, column 8 of file:///Users/test/startups/ever-gauzy/node_modules/nebular-icons/scss/nebular-icons.scss:7:8:[39m[22m
[1m[33mSass @import rules are deprecated and will be removed in Dart Sass 3.0.0.[39m[22m
[1m[33m[39m[22m
[1m[33mMore info and automated migrator: https://sass-lang.com/d/import[39m[22m
[1m[33m[39m[22m
[1m[33m7 | @import 'nebular-icons-font';[39m[22m
[1m[33m[39m[22m
[1m[33m[39m[22m
[1m[33mnode_modules/nebular-icons/scss/nebular-icons.scss 8:9  root stylesheet[39m[22m
[1m[33m[39m[22m
[1m[33m[39m[22m
[1m[33m[0m[36m./packages/ui-core/static/styles/styles.scss[39m[33m[0m - [0m[33mWarning: [39m[33m[0mModule Warning (from ./node_modules/@angular-builders/custom-webpack/node_modules/sass-loader/dist/cjs.js):[39m[22m
[1m[33mDeprecation Warning on line 9, column 8 of file:///Users/test/startups/ever-gauzy/packages/ui-core/static/styles/styles.scss:9:8:[39m[22m
[1m[33mSass @import rules are deprecated and will be removed in Dart Sass 3.0.0.[39m[22m
[1m[33m[39m[22m
[1m[33mMore info and automated migrator: https://sass-lang.com/d/import[39m[22m
[1m[33m[39m[22m
[1m[33m9 | @import 'bootstrap/scss/functions';[39m[22m
[1m[33m[39m[22m
[1m[33m[39m[22m
[1m[33mpackages/ui-core/static/styles/styles.scss 10:9  root stylesheet[39m[22m
[1m[33m[39m[22m
[1m[33m[39m[22m
[1m[33m[0m[36m./packages/ui-core/static/styles/styles.scss[39m[33m[0m - [0m[33mWarning: [39m[33m[0mModule Warning (from ./node_modules/@angular-builders/custom-webpack/node_modules/sass-loader/dist/cjs.js):[39m[22m
[1m[33mDeprecation Warning on line 10, column 8 of file:///Users/test/startups/ever-gauzy/packages/ui-core/static/styles/styles.scss:10:8:[39m[22m
[1m[33mSass @import rules are deprecated and will be removed in Dart Sass 3.0.0.[39m[22m
[1m[33m[39m[22m
[1m[33mMore info and automated migrator: https://sass-lang.com/d/import[39m[22m
[1m[33m[39m[22m
[1m[33m[39m[22m[1m[33m10 | @import 'bootstrap/scss/variables';[39m[22m
[1m[33m[39m[22m
[1m[33m[39m[22m
[1m[33mpackages/ui-core/static/styles/styles.scss 11:9  root stylesheet[39m[22m
[1m[33m[39m[22m
[1m[33m[39m[22m
[1m[33m[0m[36m./packages/ui-core/static/styles/styles.scss[39m[33m[0m - [0m[33mWarning: [39m[33m[0mModule Warning (from ./node_modules/@angular-builders/custom-webpack/node_modules/sass-loader/dist/cjs.js):[39m[22m
[1m[33mDeprecation Warning on line 11, column 8 of file:///Users/test/startups/ever-gauzy/packages/ui-core/static/styles/styles.scss:11:8:[39m[22m
[1m[33mSass @import rules are deprecated and will be removed in Dart Sass 3.0.0.[39m[22m
[1m[33m[39m[22m
[1m[33mMore info and automated migrator: https://sass-lang.com/d/import[39m[22m
[1m[33m[39m[22m
[1m[33m11 | @import 'bootstrap/scss/mixins';[39m[22m
[1m[33m[39m[22m
[1m[33m[39m[22m
[1m[33mpackages/ui-core/static/styles/styles.scss 12:9  root stylesheet[39m[22m
[1m[33m[39m[22m
[1m[33m[39m[22m
[1m[33m[0m[36m./packages/ui-core/static/styles/styles.scss[39m[33m[0m - [0m[33mWarning: [39m[33m[0mModule Warning (from ./node_modules/@angular-builders/custom-webpack/node_modules/sass-loader/dist/cjs.js):[39m[22m
[1m[33mDeprecation Warning on line 12, column 8 of file:///Users/test/startups/ever-gauzy/packages/ui-core/static/styles/styles.scss:12:8:[39m[22m
[1m[33mSass @import rules are deprecated and will be removed in Dart Sass 3.0.0.[39m[22m
[1m[33m[39m[22m
[1m[33mMore info and automated migrator: https://sass-lang.com/d/import[39m[22m
[1m[33m[39m[22m
[1m[33m12 | @import 'bootstrap/scss/grid';[39m[22m
[1m[33m[39m[22m
[1m[33m[39m[22m
[1m[33mpackages/ui-core/static/styles/styles.scss 13:9  root stylesheet[39m[22m
[1m[33m[39m[22m
[1m[33m[39m[22m
[1m[33m[0m[36m./packages/ui-core/static/styles/styles.scss[39m[33m[0m - [0m[33mWarning: [39m[33m[0mModule Warning (from ./node_modules/@angular-builders/custom-webpack/node_modules/sass-loader/dist/cjs.js):[39m[22m
[1m[33mDeprecation Warning on line 15, column 8 of file:///Users/test/startups/ever-gauzy/packages/ui-core/static/styles/styles.scss:15:8:[39m[22m
[1m[33mSass @import rules are deprecated and will be removed in Dart Sass 3.0.0.[39m[22m
[1m[33m[39m[22m
[1m[33mMore info and automated migrator: https://sass-lang.com/d/import[39m[22m
[1m[33m[39m[22m
[1m[33m15 | @import 'swiper/css';[39m[22m
[1m[33m[39m[22m
[1m[33m[39m[22m
[1m[33mpackages/ui-core/static/styles/styles.scss 16:9  root stylesheet[39m[22m
[1m[33m[39m[22m
[1m[33m[39m[22m
[1m[33m[0m[36m./packages/ui-core/static/styles/styles.scss[39m[33m[0m - [0m[33mWarning: [39m[33m[0mModule Warning (from ./node_modules/@angular-builders/custom-webpack/no[39m[22m[1m[33mde_modules/sass-loader/dist/cjs.js):[39m[22m
[1m[33m26 repetitive deprecation warnings omitted.[39m[22m
[1m[33mRun in verbose mode to see all warnings.[39m[22m
[1m[33m[39m[22m
[1m[33m[39m[22m
[32m✔[39m Browser application bundle generation complete.
[37m[0m[0m[39m
[37m[0m[1mInitial chunk files[22m[2m | [22m[1mNames[22m  [2m | [22m[1mRaw size[22m[0m[39m
[37m[0m[32mruntime.js[39m[37m         [2m | [22m[2mruntime[22m[2m | [22m[36m14.05 kB[39m[37m[2m | [22m[0m[39m
[37m[0m[0m[39m
[37m[0m210 unchanged chunks[0m[39m
[37m[0m[0m[39m
[37m[0mBuild at: [1m[37m2025-10-29T19:16:40.562Z[39m[37m[22m - Hash: [1m[37m48e0886edf98c529[39m[37m[22m - Time: [1m[37m42630[39m[37m[22mms[0m[39m
[37m[39m
[37m[92m✔[39m[37m Compiled successfully.[39m
[1m[33m[39m[22m
[1m[33m[0m[36m./packages/ui-core/static/styles/styles.scss[39m[33m[0m - [0m[33mWarning: [39m[33m[0mModule Warning (from ./node_modules/@angular-builders/custom-webpack/node_modules/sass-loader/dist/cjs.js):[39m[22m
[1m[33mDeprecation Warning on line 9, column 8 of file:///Users/test/startups/ever-gauzy/packages/ui-core/static/styles/styles.scss:9:8:[39m[22m
[1m[33mSass @import rules are deprecated and will be removed in Dart Sass 3.0.0.[39m[22m
[1m[33m[39m[22m
[1m[33mMore info and automated migrator: https://sass-lang.com/d/import[39m[22m
[1m[33m[39m[22m
[1m[33m9 | @import 'bootstrap/scss/functions';[39m[22m
[1m[33m[39m[22m
[1m[33m[39m[22m
[1m[33mpackages/ui-core/static/styles/styles.scss 10:9  root stylesheet[39m[22m
[1m[33m[39m[22m
[1m[33m[39m[22m
[1m[33m[0m[36m./packages/ui-core/static/styles/styles.scss[39m[33m[0m - [0m[33mWarning: [39m[33m[0mModule Warning (from ./node_modules/@angular-builders/custom-webpack/node_modules/sass-loader/dist/cjs.js):[39m[22m
[1m[33mDeprecation Warning on line 10, column 8 of file:///Users/test/startups/ever-gauzy/packages/ui-core/static/styles/styles.scss:10:8:[39m[22m
[1m[33mSass @import rules are deprecated and will be removed in Dart Sass 3.0.0.[39m[22m
[1m[33m[39m[22m
[1m[33mMore info and automated migrator: https://sass-lang.com/d/import[39m[22m
[1m[33m[39m[22m
[1m[33m10 | @import 'bootstrap/scss/variables';[39m[22m
[1m[33m[39m[22m
[1m[33m[39m[22m
[1m[33mpackages/ui-core/static/styles/styles.scss 11:9  root stylesheet[39m[22m
[1m[33m[39m[22m
[1m[33m[39m[22m
[1m[33m[0m[36m./packages/ui-core/static/styles/styles.scss[39m[33m[0m - [0m[33mWarning: [39m[33m[0mModule Warning (from ./node_modules/@angular-builders/custom-webpack/node_modules/sass-loader/dist/cjs.js):[39m[22m
[1m[33mDeprecation Warning on line 11, column 8 of file:///Users/test/startups/ever-gauzy/packages/ui-core/static/styles/styles.scss:11:8:[39m[22m
[1m[33mSass @import rules are deprecated and will be removed in Dart Sass 3.0.0.[39m[22m
[1m[33m[39m[22m
[1m[33mMore info and automated migrator: https://sass-lang.com/d/import[39m[22m
[1m[33m[39m[22m
[1m[33m11 | @import 'bootstrap/scss/mixins';[39m[22m
[1m[33m[39m[22m
[1m[33m[39m[22m
[1m[33mpackages/ui-core/static/styles/styles.scss 12:9  root stylesheet[39m[22m
[1m[33m[39m[22m
[1m[33m[39m[22m
[1m[33m[0m[36m./packages/ui-core/static/styles/styles.scss[39m[33m[0m - [0m[33mWarning: [39m[33m[0mModule Warning (from ./node_modules/@angular-builders/custom-webpack/node_modules/sass-loader/dist/cjs.js):[39m[22m
[1m[33mDeprecation Warning on line 12, column 8 of file:///User[39m[22m[1m[33ms/test/startups/ever-gauzy/packages/ui-core/static/styles/styles.scss:12:8:[39m[22m
[1m[33mSass @import rules are deprecated and will be removed in Dart Sass 3.0.0.[39m[22m
[1m[33m[39m[22m
[1m[33mMore info and automated migrator: https://sass-lang.com/d/import[39m[22m
[1m[33m[39m[22m
[1m[33m12 | @import 'bootstrap/scss/grid';[39m[22m
[1m[33m[39m[22m
[1m[33m[39m[22m
[1m[33mpackages/ui-core/static/styles/styles.scss 13:9  root stylesheet[39m[22m
[1m[33m[39m[22m
[1m[33m[39m[22m
[1m[33m[0m[36m./packages/ui-core/static/styles/styles.scss[39m[33m[0m - [0m[33mWarning: [39m[33m[0mModule Warning (from ./node_modules/@angular-builders/custom-webpack/node_modules/sass-loader/dist/cjs.js):[39m[22m
[1m[33mDeprecation Warning on line 15, column 8 of file:///Users/test/startups/ever-gauzy/packages/ui-core/static/styles/styles.scss:15:8:[39m[22m
[1m[33mSass @import rules are deprecated and will be removed in Dart Sass 3.0.0.[39m[22m
[1m[33m[39m[22m
[1m[33mMore info and automated migrator: https://sass-lang.com/d/import[39m[22m
[1m[33m[39m[22m
[1m[33m15 | @import 'swiper/css';[39m[22m
[1m[33m[39m[22m
[1m[33m[39m[22m
[1m[33mpackages/ui-core/static/styles/styles.scss 16:9  root stylesheet[39m[22m
[1m[33m[39m[22m
[1m[33m[39m[22m
[1m[33m[0m[36m./packages/ui-core/static/styles/styles.scss[39m[33m[0m - [0m[33mWarning: [39m[33m[0mModule Warning (from ./node_modules/@angular-builders/custom-webpack/node_modules/sass-loader/dist/cjs.js):[39m[22m
[1m[33m26 repetitive deprecation warnings omitted.[39m[22m
[1m[33mRun in verbose mode to see all warnings.[39m[22m
[1m[33m[39m[22m
[1m[33m[39m[22m
